{"contracts/Klip.sol":{"l":{"90":2,"91":2,"98":2,"105":1,"106":1,"113":1,"114":1,"121":7,"122":7,"129":7,"136":6,"137":6,"144":8,"145":8,"146":8,"153":3,"154":3,"161":1,"162":1,"163":1,"164":1,"165":1,"166":1,"167":1,"168":1,"176":1,"183":1,"190":2,"197":1,"198":1,"199":1,"200":1,"201":1,"202":1,"203":1,"204":1,"205":1,"206":1,"207":1,"214":1,"221":1,"222":1,"229":1,"230":1,"237":1,"238":1,"247":1,"248":1,"255":1,"262":1,"269":2,"276":1,"277":1,"278":1,"279":1,"280":1,"281":1,"282":1,"283":1,"290":1,"297":1,"304":1,"311":1,"318":1,"325":1,"326":1,"327":1,"328":1,"329":1,"330":1,"331":1,"332":1,"339":1,"340":1,"341":1,"348":1,"349":1,"356":1,"357":1,"364":1,"371":1,"378":1},"path":"/home/jsteer/Workspace/hackaton_didi/source/contracts/Klip.sol","s":{"1":2,"2":2,"3":1,"4":1,"5":1,"6":7,"7":7,"8":6,"9":8,"10":8,"11":8,"12":3,"13":3,"14":1,"15":1,"16":1,"17":1,"18":1,"19":1,"20":1,"21":1,"22":1,"23":2,"24":1,"25":1,"26":1,"27":1,"28":1,"29":1,"30":1,"31":1,"32":1,"33":1,"34":1,"35":1,"36":1,"37":1,"38":1,"39":1,"40":1,"41":1,"42":1,"43":1,"44":1,"45":2,"46":1,"47":1,"48":1,"49":1,"50":1,"51":1,"52":1,"53":1,"54":1,"55":1,"56":1,"57":1,"58":1,"59":1,"60":1,"61":1,"62":1,"63":1,"64":1,"65":1,"66":1,"67":1,"68":1,"69":1,"70":1,"71":1,"72":1,"73":1,"74":1},"b":{"1":[2,0],"2":[1,0],"3":[7,0],"4":[6,0],"5":[1,0]},"f":{"1":2,"2":2,"3":1,"4":1,"5":7,"6":7,"7":6,"8":8,"9":3,"10":1,"11":1,"12":1,"13":2,"14":1,"15":1,"16":1,"17":1,"18":1,"19":1,"20":1,"21":1,"22":2,"23":1,"24":1,"25":1,"26":1,"27":1,"28":1,"29":1,"30":1,"31":1,"32":1,"33":1,"34":1,"35":1},"fnMap":{"1":{"name":"onlyAdminKlip","line":89,"loc":{"start":{"line":89,"column":4},"end":{"line":92,"column":4}}},"2":{"name":"isAdminKlip","line":97,"loc":{"start":{"line":97,"column":4},"end":{"line":99,"column":4}}},"3":{"name":"onlyOrganizationOwner","line":104,"loc":{"start":{"line":104,"column":4},"end":{"line":107,"column":4}}},"4":{"name":"isOrganizationOwner","line":112,"loc":{"start":{"line":112,"column":4},"end":{"line":115,"column":4}}},"5":{"name":"onlyProjectOrganizationOwner","line":120,"loc":{"start":{"line":120,"column":4},"end":{"line":123,"column":4}}},"6":{"name":"isProjectOrganizationOwner","line":128,"loc":{"start":{"line":128,"column":4},"end":{"line":130,"column":4}}},"7":{"name":"onlyBeneficiaryOrOrganization","line":135,"loc":{"start":{"line":135,"column":4},"end":{"line":138,"column":4}}},"8":{"name":"isBeneficiaryOrOrganization","line":143,"loc":{"start":{"line":143,"column":4},"end":{"line":147,"column":4}}},"9":{"name":"constructor","line":152,"loc":{"start":{"line":152,"column":4},"end":{"line":155,"column":4}}},"10":{"name":"createOrganization","line":160,"loc":{"start":{"line":160,"column":4},"end":{"line":170,"column":4}}},"11":{"name":"getOrganization","line":175,"loc":{"start":{"line":175,"column":4},"end":{"line":177,"column":4}}},"12":{"name":"organizationExists","line":182,"loc":{"start":{"line":182,"column":4},"end":{"line":184,"column":4}}},"13":{"name":"organizationCounter","line":189,"loc":{"start":{"line":189,"column":4},"end":{"line":191,"column":4}}},"14":{"name":"createProject","line":196,"loc":{"start":{"line":196,"column":4},"end":{"line":208,"column":4}}},"15":{"name":"setProjectBeneficiaryAddress","line":213,"loc":{"start":{"line":213,"column":4},"end":{"line":215,"column":4}}},"16":{"name":"activateProject","line":220,"loc":{"start":{"line":220,"column":4},"end":{"line":223,"column":4}}},"17":{"name":"startProject","line":228,"loc":{"start":{"line":228,"column":4},"end":{"line":231,"column":4}}},"18":{"name":"finishProject","line":236,"loc":{"start":{"line":236,"column":4},"end":{"line":239,"column":4}}},"19":{"name":"createClaims","line":246,"loc":{"start":{"line":246,"column":4},"end":{"line":249,"column":4}}},"20":{"name":"getProject","line":254,"loc":{"start":{"line":254,"column":4},"end":{"line":256,"column":4}}},"21":{"name":"projectExists","line":261,"loc":{"start":{"line":261,"column":4},"end":{"line":263,"column":4}}},"22":{"name":"projectCounter","line":268,"loc":{"start":{"line":268,"column":4},"end":{"line":270,"column":4}}},"23":{"name":"createPhase","line":275,"loc":{"start":{"line":275,"column":4},"end":{"line":284,"column":4}}},"24":{"name":"startPhase","line":289,"loc":{"start":{"line":289,"column":4},"end":{"line":291,"column":4}}},"25":{"name":"finishPhase","line":296,"loc":{"start":{"line":296,"column":4},"end":{"line":298,"column":4}}},"26":{"name":"getPhase","line":303,"loc":{"start":{"line":303,"column":4},"end":{"line":305,"column":4}}},"27":{"name":"phaseExists","line":310,"loc":{"start":{"line":310,"column":4},"end":{"line":312,"column":4}}},"28":{"name":"phaseCounter","line":317,"loc":{"start":{"line":317,"column":4},"end":{"line":319,"column":4}}},"29":{"name":"createEvidence","line":324,"loc":{"start":{"line":324,"column":4},"end":{"line":333,"column":4}}},"30":{"name":"loadEvidence","line":338,"loc":{"start":{"line":338,"column":4},"end":{"line":342,"column":4}}},"31":{"name":"approveEvidence","line":347,"loc":{"start":{"line":347,"column":4},"end":{"line":350,"column":4}}},"32":{"name":"rejectEvidence","line":355,"loc":{"start":{"line":355,"column":4},"end":{"line":358,"column":4}}},"33":{"name":"getEvidence","line":363,"loc":{"start":{"line":363,"column":4},"end":{"line":365,"column":4}}},"34":{"name":"evidenceExists","line":370,"loc":{"start":{"line":370,"column":4},"end":{"line":372,"column":4}}},"35":{"name":"evidenceCounter","line":377,"loc":{"start":{"line":377,"column":4},"end":{"line":379,"column":4}}}},"statementMap":{"1":{"start":{"line":90,"column":8},"end":{"line":90,"column":46}},"2":{"start":{"line":98,"column":8},"end":{"line":98,"column":38}},"3":{"start":{"line":105,"column":8},"end":{"line":105,"column":71}},"4":{"start":{"line":113,"column":8},"end":{"line":113,"column":48}},"5":{"start":{"line":114,"column":8},"end":{"line":114,"column":52}},"6":{"start":{"line":121,"column":8},"end":{"line":121,"column":89}},"7":{"start":{"line":129,"column":8},"end":{"line":129,"column":54}},"8":{"start":{"line":136,"column":8},"end":{"line":136,"column":90}},"9":{"start":{"line":144,"column":8},"end":{"line":144,"column":81}},"10":{"start":{"line":145,"column":8},"end":{"line":145,"column":83}},"11":{"start":{"line":146,"column":8},"end":{"line":146,"column":60}},"12":{"start":{"line":153,"column":8},"end":{"line":153,"column":29}},"13":{"start":{"line":154,"column":8},"end":{"line":154,"column":14}},"14":{"start":{"line":161,"column":8},"end":{"line":161,"column":45}},"15":{"start":{"line":162,"column":8},"end":{"line":162,"column":37}},"16":{"start":{"line":163,"column":8},"end":{"line":163,"column":51}},"17":{"start":{"line":164,"column":8},"end":{"line":164,"column":52}},"18":{"start":{"line":165,"column":8},"end":{"line":165,"column":38}},"19":{"start":{"line":166,"column":8},"end":{"line":166,"column":48}},"20":{"start":{"line":167,"column":8},"end":{"line":167,"column":48}},"21":{"start":{"line":176,"column":8},"end":{"line":176,"column":70}},"22":{"start":{"line":183,"column":8},"end":{"line":183,"column":39}},"23":{"start":{"line":190,"column":8},"end":{"line":190,"column":34}},"24":{"start":{"line":197,"column":8},"end":{"line":197,"column":60}},"25":{"start":{"line":198,"column":8},"end":{"line":198,"column":69}},"26":{"start":{"line":199,"column":8},"end":{"line":199,"column":40}},"27":{"start":{"line":200,"column":8},"end":{"line":200,"column":32}},"28":{"start":{"line":201,"column":8},"end":{"line":201,"column":46}},"29":{"start":{"line":202,"column":8},"end":{"line":202,"column":45}},"30":{"start":{"line":203,"column":8},"end":{"line":203,"column":46}},"31":{"start":{"line":204,"column":8},"end":{"line":204,"column":46}},"32":{"start":{"line":205,"column":8},"end":{"line":205,"column":43}},"33":{"start":{"line":206,"column":8},"end":{"line":206,"column":34}},"34":{"start":{"line":214,"column":8},"end":{"line":214,"column":53}},"35":{"start":{"line":221,"column":8},"end":{"line":221,"column":47}},"36":{"start":{"line":222,"column":8},"end":{"line":222,"column":45}},"37":{"start":{"line":229,"column":8},"end":{"line":229,"column":48}},"38":{"start":{"line":230,"column":8},"end":{"line":230,"column":43}},"39":{"start":{"line":237,"column":8},"end":{"line":237,"column":49}},"40":{"start":{"line":238,"column":8},"end":{"line":238,"column":44}},"41":{"start":{"line":247,"column":8},"end":{"line":247,"column":197}},"42":{"start":{"line":248,"column":8},"end":{"line":248,"column":32}},"43":{"start":{"line":255,"column":8},"end":{"line":255,"column":107}},"44":{"start":{"line":262,"column":8},"end":{"line":262,"column":34}},"45":{"start":{"line":269,"column":8},"end":{"line":269,"column":29}},"46":{"start":{"line":276,"column":8},"end":{"line":276,"column":38}},"47":{"start":{"line":277,"column":8},"end":{"line":277,"column":30}},"48":{"start":{"line":278,"column":8},"end":{"line":278,"column":44}},"49":{"start":{"line":279,"column":8},"end":{"line":279,"column":34}},"50":{"start":{"line":280,"column":8},"end":{"line":280,"column":40}},"51":{"start":{"line":281,"column":8},"end":{"line":281,"column":44}},"52":{"start":{"line":282,"column":8},"end":{"line":282,"column":32}},"53":{"start":{"line":290,"column":8},"end":{"line":290,"column":44}},"54":{"start":{"line":297,"column":8},"end":{"line":297,"column":45}},"55":{"start":{"line":304,"column":8},"end":{"line":304,"column":96}},"56":{"start":{"line":311,"column":8},"end":{"line":311,"column":32}},"57":{"start":{"line":318,"column":8},"end":{"line":318,"column":27}},"58":{"start":{"line":325,"column":8},"end":{"line":325,"column":41}},"59":{"start":{"line":326,"column":8},"end":{"line":326,"column":33}},"60":{"start":{"line":327,"column":8},"end":{"line":327,"column":47}},"61":{"start":{"line":328,"column":8},"end":{"line":328,"column":37}},"62":{"start":{"line":329,"column":8},"end":{"line":329,"column":39}},"63":{"start":{"line":330,"column":8},"end":{"line":330,"column":48}},"64":{"start":{"line":331,"column":8},"end":{"line":331,"column":35}},"65":{"start":{"line":339,"column":8},"end":{"line":339,"column":41}},"66":{"start":{"line":340,"column":8},"end":{"line":340,"column":50}},"67":{"start":{"line":341,"column":8},"end":{"line":341,"column":43}},"68":{"start":{"line":348,"column":8},"end":{"line":348,"column":41}},"69":{"start":{"line":349,"column":8},"end":{"line":349,"column":51}},"70":{"start":{"line":356,"column":8},"end":{"line":356,"column":41}},"71":{"start":{"line":357,"column":8},"end":{"line":357,"column":51}},"72":{"start":{"line":364,"column":8},"end":{"line":364,"column":106}},"73":{"start":{"line":371,"column":8},"end":{"line":371,"column":35}},"74":{"start":{"line":378,"column":8},"end":{"line":378,"column":30}}},"branchMap":{"1":{"line":90,"type":"if","locations":[{"start":{"line":90,"column":8},"end":{"line":90,"column":8}},{"start":{"line":90,"column":8},"end":{"line":90,"column":8}}]},"2":{"line":105,"type":"if","locations":[{"start":{"line":105,"column":8},"end":{"line":105,"column":8}},{"start":{"line":105,"column":8},"end":{"line":105,"column":8}}]},"3":{"line":121,"type":"if","locations":[{"start":{"line":121,"column":8},"end":{"line":121,"column":8}},{"start":{"line":121,"column":8},"end":{"line":121,"column":8}}]},"4":{"line":136,"type":"if","locations":[{"start":{"line":136,"column":8},"end":{"line":136,"column":8}},{"start":{"line":136,"column":8},"end":{"line":136,"column":8}}]},"5":{"line":198,"type":"if","locations":[{"start":{"line":198,"column":8},"end":{"line":198,"column":8}},{"start":{"line":198,"column":8},"end":{"line":198,"column":8}}]}}}}