{"contracts/Klip.sol":{"l":{"90":2,"91":2,"98":2,"105":1,"106":1,"113":1,"114":1,"121":7,"122":7,"129":7,"136":7,"137":7,"144":9,"145":9,"146":9,"153":3,"154":3,"161":1,"162":1,"163":1,"164":1,"165":1,"166":1,"167":1,"168":1,"176":1,"183":1,"190":2,"197":1,"198":1,"199":1,"200":1,"201":1,"202":1,"203":1,"204":1,"205":1,"206":1,"207":1,"214":1,"221":1,"222":1,"229":1,"230":1,"237":1,"238":1,"250":1,"251":1,"260":1,"268":1,"275":2,"286":1,"287":1,"288":1,"289":1,"290":1,"291":1,"292":1,"293":1,"300":1,"307":1,"314":1,"321":1,"328":1,"339":1,"340":1,"341":1,"342":1,"343":1,"344":1,"345":1,"346":1,"353":1,"354":1,"355":1,"363":1,"364":1,"372":1,"373":1,"381":2,"388":1,"395":1},"path":"/home/jsteer/Workspace/hackaton_didi/source/contracts/Klip.sol","s":{"1":2,"2":2,"3":1,"4":1,"5":1,"6":7,"7":7,"8":7,"9":9,"10":9,"11":9,"12":3,"13":3,"14":1,"15":1,"16":1,"17":1,"18":1,"19":1,"20":1,"21":1,"22":1,"23":2,"24":1,"25":1,"26":1,"27":1,"28":1,"29":1,"30":1,"31":1,"32":1,"33":1,"34":1,"35":1,"36":1,"37":1,"38":1,"39":1,"40":1,"41":1,"42":1,"43":1,"44":1,"45":2,"46":1,"47":1,"48":1,"49":1,"50":1,"51":1,"52":1,"53":1,"54":1,"55":1,"56":1,"57":1,"58":1,"59":1,"60":1,"61":1,"62":1,"63":1,"64":1,"65":1,"66":1,"67":1,"68":1,"69":1,"70":1,"71":1,"72":2,"73":1,"74":1},"b":{"1":[2,0],"2":[1,0],"3":[7,0],"4":[7,0],"5":[1,0]},"f":{"1":2,"2":2,"3":1,"4":1,"5":7,"6":7,"7":7,"8":9,"9":3,"10":1,"11":1,"12":1,"13":2,"14":1,"15":1,"16":1,"17":1,"18":1,"19":1,"20":1,"21":1,"22":2,"23":1,"24":1,"25":1,"26":1,"27":1,"28":1,"29":1,"30":1,"31":1,"32":1,"33":2,"34":1,"35":1},"fnMap":{"1":{"name":"onlyAdminKlip","line":89,"loc":{"start":{"line":89,"column":4},"end":{"line":92,"column":4}}},"2":{"name":"isAdminKlip","line":97,"loc":{"start":{"line":97,"column":4},"end":{"line":99,"column":4}}},"3":{"name":"onlyOrganizationOwner","line":104,"loc":{"start":{"line":104,"column":4},"end":{"line":107,"column":4}}},"4":{"name":"isOrganizationOwner","line":112,"loc":{"start":{"line":112,"column":4},"end":{"line":115,"column":4}}},"5":{"name":"onlyProjectOrganizationOwner","line":120,"loc":{"start":{"line":120,"column":4},"end":{"line":123,"column":4}}},"6":{"name":"isProjectOrganizationOwner","line":128,"loc":{"start":{"line":128,"column":4},"end":{"line":130,"column":4}}},"7":{"name":"onlyBeneficiaryOrOrganization","line":135,"loc":{"start":{"line":135,"column":4},"end":{"line":138,"column":4}}},"8":{"name":"isBeneficiaryOrOrganization","line":143,"loc":{"start":{"line":143,"column":4},"end":{"line":147,"column":4}}},"9":{"name":"constructor","line":152,"loc":{"start":{"line":152,"column":4},"end":{"line":155,"column":4}}},"10":{"name":"createOrganization","line":160,"loc":{"start":{"line":160,"column":4},"end":{"line":170,"column":4}}},"11":{"name":"getOrganization","line":175,"loc":{"start":{"line":175,"column":4},"end":{"line":177,"column":4}}},"12":{"name":"organizationExists","line":182,"loc":{"start":{"line":182,"column":4},"end":{"line":184,"column":4}}},"13":{"name":"organizationCounter","line":189,"loc":{"start":{"line":189,"column":4},"end":{"line":191,"column":4}}},"14":{"name":"createProject","line":196,"loc":{"start":{"line":196,"column":4},"end":{"line":208,"column":4}}},"15":{"name":"setProjectBeneficiaryAddress","line":213,"loc":{"start":{"line":213,"column":4},"end":{"line":215,"column":4}}},"16":{"name":"activateProject","line":220,"loc":{"start":{"line":220,"column":4},"end":{"line":223,"column":4}}},"17":{"name":"startProject","line":228,"loc":{"start":{"line":228,"column":4},"end":{"line":231,"column":4}}},"18":{"name":"finishProject","line":236,"loc":{"start":{"line":236,"column":4},"end":{"line":239,"column":4}}},"19":{"name":"createClaims","line":249,"loc":{"start":{"line":249,"column":4},"end":{"line":252,"column":4}}},"20":{"name":"getProject","line":258,"loc":{"start":{"line":257,"column":4},"end":{"line":262,"column":4}}},"21":{"name":"projectExists","line":267,"loc":{"start":{"line":267,"column":4},"end":{"line":269,"column":4}}},"22":{"name":"projectCounter","line":274,"loc":{"start":{"line":274,"column":4},"end":{"line":276,"column":4}}},"23":{"name":"createPhase","line":285,"loc":{"start":{"line":281,"column":4},"end":{"line":294,"column":4}}},"24":{"name":"startPhase","line":299,"loc":{"start":{"line":299,"column":4},"end":{"line":301,"column":4}}},"25":{"name":"finishPhase","line":306,"loc":{"start":{"line":306,"column":4},"end":{"line":308,"column":4}}},"26":{"name":"getPhase","line":313,"loc":{"start":{"line":313,"column":4},"end":{"line":315,"column":4}}},"27":{"name":"phaseExists","line":320,"loc":{"start":{"line":320,"column":4},"end":{"line":322,"column":4}}},"28":{"name":"phaseCounter","line":327,"loc":{"start":{"line":327,"column":4},"end":{"line":329,"column":4}}},"29":{"name":"createEvidence","line":338,"loc":{"start":{"line":334,"column":4},"end":{"line":347,"column":4}}},"30":{"name":"loadEvidence","line":352,"loc":{"start":{"line":352,"column":4},"end":{"line":356,"column":4}}},"31":{"name":"approveEvidence","line":362,"loc":{"start":{"line":361,"column":4},"end":{"line":365,"column":4}}},"32":{"name":"rejectEvidence","line":371,"loc":{"start":{"line":370,"column":4},"end":{"line":374,"column":4}}},"33":{"name":"getEvidence","line":379,"loc":{"start":{"line":379,"column":4},"end":{"line":382,"column":4}}},"34":{"name":"evidenceExists","line":387,"loc":{"start":{"line":387,"column":4},"end":{"line":389,"column":4}}},"35":{"name":"evidenceCounter","line":394,"loc":{"start":{"line":394,"column":4},"end":{"line":396,"column":4}}}},"statementMap":{"1":{"start":{"line":90,"column":8},"end":{"line":90,"column":46}},"2":{"start":{"line":98,"column":8},"end":{"line":98,"column":38}},"3":{"start":{"line":105,"column":8},"end":{"line":105,"column":71}},"4":{"start":{"line":113,"column":8},"end":{"line":113,"column":48}},"5":{"start":{"line":114,"column":8},"end":{"line":114,"column":52}},"6":{"start":{"line":121,"column":8},"end":{"line":121,"column":89}},"7":{"start":{"line":129,"column":8},"end":{"line":129,"column":54}},"8":{"start":{"line":136,"column":8},"end":{"line":136,"column":90}},"9":{"start":{"line":144,"column":8},"end":{"line":144,"column":81}},"10":{"start":{"line":145,"column":8},"end":{"line":145,"column":83}},"11":{"start":{"line":146,"column":8},"end":{"line":146,"column":60}},"12":{"start":{"line":153,"column":8},"end":{"line":153,"column":29}},"13":{"start":{"line":154,"column":8},"end":{"line":154,"column":14}},"14":{"start":{"line":161,"column":8},"end":{"line":161,"column":45}},"15":{"start":{"line":162,"column":8},"end":{"line":162,"column":37}},"16":{"start":{"line":163,"column":8},"end":{"line":163,"column":51}},"17":{"start":{"line":164,"column":8},"end":{"line":164,"column":52}},"18":{"start":{"line":165,"column":8},"end":{"line":165,"column":38}},"19":{"start":{"line":166,"column":8},"end":{"line":166,"column":59}},"20":{"start":{"line":167,"column":8},"end":{"line":167,"column":48}},"21":{"start":{"line":176,"column":8},"end":{"line":176,"column":70}},"22":{"start":{"line":183,"column":8},"end":{"line":183,"column":39}},"23":{"start":{"line":190,"column":8},"end":{"line":190,"column":34}},"24":{"start":{"line":197,"column":8},"end":{"line":197,"column":60}},"25":{"start":{"line":198,"column":8},"end":{"line":198,"column":69}},"26":{"start":{"line":199,"column":8},"end":{"line":199,"column":40}},"27":{"start":{"line":200,"column":8},"end":{"line":200,"column":32}},"28":{"start":{"line":201,"column":8},"end":{"line":201,"column":46}},"29":{"start":{"line":202,"column":8},"end":{"line":202,"column":45}},"30":{"start":{"line":203,"column":8},"end":{"line":203,"column":46}},"31":{"start":{"line":204,"column":8},"end":{"line":204,"column":46}},"32":{"start":{"line":205,"column":8},"end":{"line":205,"column":54}},"33":{"start":{"line":206,"column":8},"end":{"line":206,"column":33}},"34":{"start":{"line":214,"column":8},"end":{"line":214,"column":53}},"35":{"start":{"line":221,"column":8},"end":{"line":221,"column":47}},"36":{"start":{"line":222,"column":8},"end":{"line":222,"column":56}},"37":{"start":{"line":229,"column":8},"end":{"line":229,"column":48}},"38":{"start":{"line":230,"column":8},"end":{"line":230,"column":54}},"39":{"start":{"line":237,"column":8},"end":{"line":237,"column":49}},"40":{"start":{"line":238,"column":8},"end":{"line":238,"column":55}},"41":{"start":{"line":250,"column":8},"end":{"line":250,"column":69}},"42":{"start":{"line":251,"column":8},"end":{"line":251,"column":32}},"43":{"start":{"line":260,"column":8},"end":{"line":260,"column":9005}},"44":{"start":{"line":268,"column":8},"end":{"line":268,"column":34}},"45":{"start":{"line":275,"column":8},"end":{"line":275,"column":29}},"46":{"start":{"line":286,"column":8},"end":{"line":286,"column":38}},"47":{"start":{"line":287,"column":8},"end":{"line":287,"column":30}},"48":{"start":{"line":288,"column":8},"end":{"line":288,"column":44}},"49":{"start":{"line":289,"column":8},"end":{"line":289,"column":34}},"50":{"start":{"line":290,"column":8},"end":{"line":290,"column":40}},"51":{"start":{"line":291,"column":8},"end":{"line":291,"column":44}},"52":{"start":{"line":292,"column":8},"end":{"line":292,"column":31}},"53":{"start":{"line":300,"column":8},"end":{"line":300,"column":44}},"54":{"start":{"line":307,"column":8},"end":{"line":307,"column":45}},"55":{"start":{"line":314,"column":8},"end":{"line":314,"column":96}},"56":{"start":{"line":321,"column":8},"end":{"line":321,"column":32}},"57":{"start":{"line":328,"column":8},"end":{"line":328,"column":27}},"58":{"start":{"line":339,"column":8},"end":{"line":339,"column":41}},"59":{"start":{"line":340,"column":8},"end":{"line":340,"column":33}},"60":{"start":{"line":341,"column":8},"end":{"line":341,"column":47}},"61":{"start":{"line":342,"column":8},"end":{"line":342,"column":37}},"62":{"start":{"line":343,"column":8},"end":{"line":343,"column":39}},"63":{"start":{"line":344,"column":8},"end":{"line":344,"column":48}},"64":{"start":{"line":345,"column":8},"end":{"line":345,"column":34}},"65":{"start":{"line":353,"column":8},"end":{"line":353,"column":41}},"66":{"start":{"line":354,"column":8},"end":{"line":354,"column":50}},"67":{"start":{"line":355,"column":8},"end":{"line":355,"column":54}},"68":{"start":{"line":363,"column":8},"end":{"line":363,"column":41}},"69":{"start":{"line":364,"column":8},"end":{"line":364,"column":51}},"70":{"start":{"line":372,"column":8},"end":{"line":372,"column":41}},"71":{"start":{"line":373,"column":8},"end":{"line":373,"column":51}},"72":{"start":{"line":381,"column":8},"end":{"line":381,"column":130}},"73":{"start":{"line":388,"column":8},"end":{"line":388,"column":35}},"74":{"start":{"line":395,"column":8},"end":{"line":395,"column":30}}},"branchMap":{"1":{"line":90,"type":"if","locations":[{"start":{"line":90,"column":8},"end":{"line":90,"column":8}},{"start":{"line":90,"column":8},"end":{"line":90,"column":8}}]},"2":{"line":105,"type":"if","locations":[{"start":{"line":105,"column":8},"end":{"line":105,"column":8}},{"start":{"line":105,"column":8},"end":{"line":105,"column":8}}]},"3":{"line":121,"type":"if","locations":[{"start":{"line":121,"column":8},"end":{"line":121,"column":8}},{"start":{"line":121,"column":8},"end":{"line":121,"column":8}}]},"4":{"line":136,"type":"if","locations":[{"start":{"line":136,"column":8},"end":{"line":136,"column":8}},{"start":{"line":136,"column":8},"end":{"line":136,"column":8}}]},"5":{"line":198,"type":"if","locations":[{"start":{"line":198,"column":8},"end":{"line":198,"column":8}},{"start":{"line":198,"column":8},"end":{"line":198,"column":8}}]}}}}